

Started GET "/" for 127.0.0.1 at 2016-11-16 21:04:40 -0800
Processing by Rails::WelcomeController#index as HTML
  Rendered /Users/macbook/.rvm/gems/ruby-2.3.1@global/gems/railties-4.2.7.1/lib/rails/templates/rails/welcome/index.html.erb (2.3ms)
Completed 200 OK in 25ms (Views: 14.0ms | ActiveRecord: 0.0ms)
  [1m[36m (38.1ms)[0m  [1mCREATE TABLE "schema_migrations" ("version" character varying NOT NULL) [0m
  [1m[35m (1.4ms)[0m  CREATE UNIQUE INDEX  "unique_schema_migrations" ON "schema_migrations"  ("version")
  [1m[36mActiveRecord::SchemaMigration Load (0.4ms)[0m  [1mSELECT "schema_migrations".* FROM "schema_migrations"[0m
Migrating to CreateUsers (20161117051213)
  [1m[35m (0.1ms)[0m  BEGIN
  [1m[36m (31.3ms)[0m  [1mCREATE TABLE "users" ("id" serial primary key, "first_name" character varying, "last_name" character varying, "email" character varying, "password_digest" character varying, "is_tutor" boolean DEFAULT 'f', "is_admin" boolean DEFAULT 'f', "created_at" timestamp NOT NULL, "updated_at" timestamp NOT NULL) [0m
  [1m[35mSQL (0.3ms)[0m  INSERT INTO "schema_migrations" ("version") VALUES ($1)  [["version", "20161117051213"]]
  [1m[36m (6.1ms)[0m  [1mCOMMIT[0m
  [1m[35mActiveRecord::SchemaMigration Load (0.2ms)[0m  SELECT "schema_migrations".* FROM "schema_migrations"
  [1m[36m (3.0ms)[0m  [1mSELECT t2.oid::regclass::text AS to_table, a1.attname AS column, a2.attname AS primary_key, c.conname AS name, c.confupdtype AS on_update, c.confdeltype AS on_delete
FROM pg_constraint c
JOIN pg_class t1 ON c.conrelid = t1.oid
JOIN pg_class t2 ON c.confrelid = t2.oid
JOIN pg_attribute a1 ON a1.attnum = c.conkey[1] AND a1.attrelid = t1.oid
JOIN pg_attribute a2 ON a2.attnum = c.confkey[1] AND a2.attrelid = t2.oid
JOIN pg_namespace t3 ON c.connamespace = t3.oid
WHERE c.contype = 'f'
  AND t1.relname = 'users'
  AND t3.nspname = ANY (current_schemas(false))
ORDER BY c.conname
[0m


Started GET "/" for 127.0.0.1 at 2016-11-16 21:25:47 -0800
  [1m[36mActiveRecord::SchemaMigration Load (0.6ms)[0m  [1mSELECT "schema_migrations".* FROM "schema_migrations"[0m
Processing by Rails::WelcomeController#index as HTML
  Rendered /Users/macbook/.rvm/gems/ruby-2.3.1@global/gems/railties-4.2.7.1/lib/rails/templates/rails/welcome/index.html.erb (2.3ms)
Completed 200 OK in 26ms (Views: 15.0ms | ActiveRecord: 0.0ms)


Started GET "/" for 127.0.0.1 at 2016-11-16 21:25:47 -0800
Processing by Rails::WelcomeController#index as HTML
  Rendered /Users/macbook/.rvm/gems/ruby-2.3.1@global/gems/railties-4.2.7.1/lib/rails/templates/rails/welcome/index.html.erb (0.1ms)
Completed 200 OK in 3ms (Views: 2.4ms | ActiveRecord: 0.0ms)
  [1m[36m (0.4ms)[0m  [1mBEGIN[0m
  [1m[35mUser Exists (7.2ms)[0m  SELECT  1 AS one FROM "users" WHERE "users"."email" = 'asd@126.com' LIMIT 1
  [1m[36mSQL (0.9ms)[0m  [1mINSERT INTO "users" ("first_name", "last_name", "email", "password_digest", "created_at", "updated_at") VALUES ($1, $2, $3, $4, $5, $6) RETURNING "id"[0m  [["first_name", "123"], ["last_name", "123"], ["email", "asd@126.com"], ["password_digest", "$2a$10$ogLNfFftoDHYNZ3Jzpcq0uUkessWHl1I/Hb4n1TLZhFm.gbJkPRXm"], ["created_at", "2016-11-17 05:30:57.012258"], ["updated_at", "2016-11-17 05:30:57.012258"]]
  [1m[35m (6.3ms)[0m  COMMIT
  [1m[36mUser Load (0.7ms)[0m  [1mSELECT "users".* FROM "users"[0m
